android.old/app/build/intermediates/manifest_merge_blame_file/release/processReleaseMainManifest/manifest-merger-blame-release-report.txt
1<?xml version="1.0" encoding="utf-8"?>
2<manifest xmlns:android="http://schemas.android.com/apk/res/android"
3    package="com.example.soccertimeapp"
4    android:versionCode="1"
5    android:versionName="1.0" >
6
7    <uses-sdk
8        android:minSdkVersion="21"
9        android:targetSdkVersion="35" />
10    <!-- Add storage permissions -->
11    <uses-permission android:name="android.permission.INTERNET" />
11-->src\main\AndroidManifest.xml:3:5-66
11-->src\main\AndroidManifest.xml:3:22-64
12    <uses-permission android:name="android.permission.READ_EXTERNAL_STORAGE" />
12-->src\main\AndroidManifest.xml:4:5-79
12-->src\main\AndroidManifest.xml:4:22-77
13    <uses-permission android:name="android.permission.WRITE_EXTERNAL_STORAGE" />
13-->src\main\AndroidManifest.xml:5:5-80
13-->src\main\AndroidManifest.xml:5:22-78
14    <uses-permission android:name="android.permission.MANAGE_EXTERNAL_STORAGE" />
14-->src\main\AndroidManifest.xml:6:5-82
14-->src\main\AndroidManifest.xml:6:22-79
15    <!-- Add wake lock permission for background processing -->
16    <uses-permission android:name="android.permission.WAKE_LOCK" />
16-->src\main\AndroidManifest.xml:8:5-68
16-->src\main\AndroidManifest.xml:8:22-65
17    <uses-permission android:name="android.permission.FOREGROUND_SERVICE" />
17-->src\main\AndroidManifest.xml:9:5-77
17-->src\main\AndroidManifest.xml:9:22-74
18    <uses-permission android:name="android.permission.VIBRATE" />
18-->src\main\AndroidManifest.xml:10:5-65
18-->src\main\AndroidManifest.xml:10:22-63
19
20    <!-- OpenGL ES configuration -->
21    <uses-feature
21-->src\main\AndroidManifest.xml:13:5-79
22        android:glEsVersion="0x00020000"
22-->src\main\AndroidManifest.xml:13:19-51
23        android:required="false" />
23-->src\main\AndroidManifest.xml:13:52-76
24    <uses-feature
24-->src\main\AndroidManifest.xml:14:5-85
25        android:name="android.hardware.vulkan"
25-->src\main\AndroidManifest.xml:14:19-57
26        android:required="false" />
26-->src\main\AndroidManifest.xml:14:58-82
27    <!--
28         Required to query activities that can process text, see:
29         https://developer.android.com/training/package-visibility and
30         https://developer.android.com/reference/android/content/Intent#ACTION_PROCESS_TEXT.
31
32         In particular, this is used by the Flutter engine in io.flutter.plugin.text.ProcessTextPlugin.
33    -->
34    <queries>
34-->src\main\AndroidManifest.xml:71:5-76:15
35        <intent>
35-->src\main\AndroidManifest.xml:72:9-75:18
36            <action android:name="android.intent.action.PROCESS_TEXT" />
36-->src\main\AndroidManifest.xml:73:13-72
36-->src\main\AndroidManifest.xml:73:21-70
37
38            <data android:mimeType="text/plain" />
38-->src\main\AndroidManifest.xml:74:13-50
38-->src\main\AndroidManifest.xml:74:19-48
39        </intent>
40    </queries>
41
42    <permission
42-->[androidx.core:core:1.13.1] AndroidManifest.xml:22:5-24:47
43        android:name="com.example.soccertimeapp.DYNAMIC_RECEIVER_NOT_EXPORTED_PERMISSION"
43-->[androidx.core:core:1.13.1] AndroidManifest.xml:23:9-81
44        android:protectionLevel="signature" />
44-->[androidx.core:core:1.13.1] AndroidManifest.xml:24:9-44
45
46    <uses-permission android:name="com.example.soccertimeapp.DYNAMIC_RECEIVER_NOT_EXPORTED_PERMISSION" />
46-->[androidx.core:core:1.13.1] AndroidManifest.xml:26:5-97
46-->[androidx.core:core:1.13.1] AndroidManifest.xml:26:22-94
47
48    <application
49        android:name="android.app.Application"
49-->src\main\AndroidManifest.xml:18:9-42
50        android:allowBackup="true"
50-->src\main\AndroidManifest.xml:23:9-35
51        android:appComponentFactory="androidx.core.app.CoreComponentFactory"
51-->[androidx.core:core:1.13.1] AndroidManifest.xml:28:18-86
52        android:enableOnBackInvokedCallback="true"
52-->src\main\AndroidManifest.xml:22:9-51
53        android:extractNativeLibs="true"
54        android:hardwareAccelerated="true"
54-->src\main\AndroidManifest.xml:20:9-43
55        android:icon="@mipmap/ic_launcher"
55-->src\main\AndroidManifest.xml:19:9-43
56        android:label="soccertimeapp"
56-->src\main\AndroidManifest.xml:17:9-38
57        android:largeHeap="true"
57-->src\main\AndroidManifest.xml:24:9-33
58        android:requestLegacyExternalStorage="true" >
58-->src\main\AndroidManifest.xml:21:9-52
59        <provider
60            android:name="androidx.core.content.FileProvider"
60-->src\main\AndroidManifest.xml:26:13-62
61            android:authorities="com.example.soccertimeapp.fileprovider"
61-->src\main\AndroidManifest.xml:27:13-64
62            android:exported="false"
62-->src\main\AndroidManifest.xml:28:13-37
63            android:grantUriPermissions="true" >
63-->src\main\AndroidManifest.xml:29:13-47
64            <meta-data
64-->src\main\AndroidManifest.xml:30:13-32:54
65                android:name="android.support.FILE_PROVIDER_PATHS"
65-->src\main\AndroidManifest.xml:31:17-67
66                android:resource="@xml/file_paths" />
66-->src\main\AndroidManifest.xml:32:17-51
67        </provider>
68
69        <activity
69-->src\main\AndroidManifest.xml:34:9-59:20
70            android:name="com.example.soccertimeapp.MainActivity"
70-->src\main\AndroidManifest.xml:35:13-41
71            android:configChanges="orientation|keyboardHidden|keyboard|screenSize|smallestScreenSize|locale|layoutDirection|fontScale|screenLayout|density|uiMode"
71-->src\main\AndroidManifest.xml:40:13-163
72            android:exported="true"
72-->src\main\AndroidManifest.xml:36:13-36
73            android:launchMode="singleTop"
73-->src\main\AndroidManifest.xml:37:13-43
74            android:taskAffinity=""
74-->src\main\AndroidManifest.xml:38:13-36
75            android:theme="@style/LaunchTheme"
75-->src\main\AndroidManifest.xml:39:13-47
76            android:windowSoftInputMode="adjustResize" >
76-->src\main\AndroidManifest.xml:41:13-55
77
78            <!-- Keep the app alive in background -->
79            <meta-data
79-->src\main\AndroidManifest.xml:43:13-46:17
80                android:name="io.flutter.embedding.android.SplashScreenDrawable"
80-->src\main\AndroidManifest.xml:44:15-79
81                android:resource="@drawable/launch_background" />
81-->src\main\AndroidManifest.xml:45:15-61
82            <!--
83                 Specifies an Android theme to apply to this Activity as soon as
84                 the Android process has started. This theme is visible to the user
85                 while the Flutter UI initializes. After that, this theme continues
86                 to determine the Window background behind the Flutter UI.
87            -->
88            <meta-data
88-->src\main\AndroidManifest.xml:51:13-54:17
89                android:name="io.flutter.embedding.android.NormalTheme"
89-->src\main\AndroidManifest.xml:52:15-70
90                android:resource="@style/NormalTheme" />
90-->src\main\AndroidManifest.xml:53:15-52
91
92            <intent-filter>
92-->src\main\AndroidManifest.xml:55:13-58:29
93                <action android:name="android.intent.action.MAIN" />
93-->src\main\AndroidManifest.xml:56:17-68
93-->src\main\AndroidManifest.xml:56:25-66
94
95                <category android:name="android.intent.category.LAUNCHER" />
95-->src\main\AndroidManifest.xml:57:17-76
95-->src\main\AndroidManifest.xml:57:27-74
96            </intent-filter>
97        </activity>
98        <!--
99             Don't delete the meta-data below.
100             This is used by the Flutter tool to generate GeneratedPluginRegistrant.java
101        -->
102        <meta-data
102-->src\main\AndroidManifest.xml:62:9-64:33
103            android:name="flutterEmbedding"
103-->src\main\AndroidManifest.xml:63:13-44
104            android:value="2" />
104-->src\main\AndroidManifest.xml:64:13-30
105        <!--
106           Declares a provider which allows us to store files to share in
107           '.../caches/share_plus' and grant the receiving action access
108        -->
109        <provider
109-->[:share_plus] AndroidManifest.xml:13:9-21:20
110            android:name="dev.fluttercommunity.plus.share.ShareFileProvider"
110-->[:share_plus] AndroidManifest.xml:14:13-77
111            android:authorities="com.example.soccertimeapp.flutter.share_provider"
111-->[:share_plus] AndroidManifest.xml:15:13-74
112            android:exported="false"
112-->[:share_plus] AndroidManifest.xml:16:13-37
113            android:grantUriPermissions="true" >
113-->[:share_plus] AndroidManifest.xml:17:13-47
114            <meta-data
114-->src\main\AndroidManifest.xml:30:13-32:54
115                android:name="android.support.FILE_PROVIDER_PATHS"
115-->src\main\AndroidManifest.xml:31:17-67
116                android:resource="@xml/flutter_share_file_paths" />
116-->src\main\AndroidManifest.xml:32:17-51
117        </provider>
118        <!--
119           This manifest declared broadcast receiver allows us to use an explicit
120           Intent when creating a PendingItent to be informed of the user's choice
121        -->
122        <receiver
122-->[:share_plus] AndroidManifest.xml:26:9-32:20
123            android:name="dev.fluttercommunity.plus.share.SharePlusPendingIntent"
123-->[:share_plus] AndroidManifest.xml:27:13-82
124            android:exported="false" >
124-->[:share_plus] AndroidManifest.xml:28:13-37
125            <intent-filter>
125-->[:share_plus] AndroidManifest.xml:29:13-31:29
126                <action android:name="EXTRA_CHOSEN_COMPONENT" />
126-->[:share_plus] AndroidManifest.xml:30:17-65
126-->[:share_plus] AndroidManifest.xml:30:25-62
127            </intent-filter>
128        </receiver>
129
130        <uses-library
130-->[androidx.window:window:1.2.0] AndroidManifest.xml:23:9-25:40
131            android:name="androidx.window.extensions"
131-->[androidx.window:window:1.2.0] AndroidManifest.xml:24:13-54
132            android:required="false" />
132-->[androidx.window:window:1.2.0] AndroidManifest.xml:25:13-37
133        <uses-library
133-->[androidx.window:window:1.2.0] AndroidManifest.xml:26:9-28:40
134            android:name="androidx.window.sidecar"
134-->[androidx.window:window:1.2.0] AndroidManifest.xml:27:13-51
135            android:required="false" />
135-->[androidx.window:window:1.2.0] AndroidManifest.xml:28:13-37
136
137        <provider
137-->[androidx.lifecycle:lifecycle-process:2.7.0] AndroidManifest.xml:24:9-32:20
138            android:name="androidx.startup.InitializationProvider"
138-->[androidx.lifecycle:lifecycle-process:2.7.0] AndroidManifest.xml:25:13-67
139            android:authorities="com.example.soccertimeapp.androidx-startup"
139-->[androidx.lifecycle:lifecycle-process:2.7.0] AndroidManifest.xml:26:13-68
140            android:exported="false" >
140-->[androidx.lifecycle:lifecycle-process:2.7.0] AndroidManifest.xml:27:13-37
141            <meta-data
141-->[androidx.lifecycle:lifecycle-process:2.7.0] AndroidManifest.xml:29:13-31:52
142                android:name="androidx.lifecycle.ProcessLifecycleInitializer"
142-->[androidx.lifecycle:lifecycle-process:2.7.0] AndroidManifest.xml:30:17-78
143                android:value="androidx.startup" />
143-->[androidx.lifecycle:lifecycle-process:2.7.0] AndroidManifest.xml:31:17-49
144            <meta-data
144-->[androidx.profileinstaller:profileinstaller:1.3.1] AndroidManifest.xml:29:13-31:52
145                android:name="androidx.profileinstaller.ProfileInstallerInitializer"
145-->[androidx.profileinstaller:profileinstaller:1.3.1] AndroidManifest.xml:30:17-85
146                android:value="androidx.startup" />
146-->[androidx.profileinstaller:profileinstaller:1.3.1] AndroidManifest.xml:31:17-49
147        </provider>
148
149        <receiver
149-->[androidx.profileinstaller:profileinstaller:1.3.1] AndroidManifest.xml:34:9-52:20
150            android:name="androidx.profileinstaller.ProfileInstallReceiver"
150-->[androidx.profileinstaller:profileinstaller:1.3.1] AndroidManifest.xml:35:13-76
151            android:directBootAware="false"
151-->[androidx.profileinstaller:profileinstaller:1.3.1] AndroidManifest.xml:36:13-44
152            android:enabled="true"
152-->[androidx.profileinstaller:profileinstaller:1.3.1] AndroidManifest.xml:37:13-35
153            android:exported="true"
153-->[androidx.profileinstaller:profileinstaller:1.3.1] AndroidManifest.xml:38:13-36
154            android:permission="android.permission.DUMP" >
154-->[androidx.profileinstaller:profileinstaller:1.3.1] AndroidManifest.xml:39:13-57
155            <intent-filter>
155-->[androidx.profileinstaller:profileinstaller:1.3.1] AndroidManifest.xml:40:13-42:29
156                <action android:name="androidx.profileinstaller.action.INSTALL_PROFILE" />
156-->[androidx.profileinstaller:profileinstaller:1.3.1] AndroidManifest.xml:41:17-91
156-->[androidx.profileinstaller:profileinstaller:1.3.1] AndroidManifest.xml:41:25-88
157            </intent-filter>
158            <intent-filter>
158-->[androidx.profileinstaller:profileinstaller:1.3.1] AndroidManifest.xml:43:13-45:29
159                <action android:name="androidx.profileinstaller.action.SKIP_FILE" />
159-->[androidx.profileinstaller:profileinstaller:1.3.1] AndroidManifest.xml:44:17-85
159-->[androidx.profileinstaller:profileinstaller:1.3.1] AndroidManifest.xml:44:25-82
160            </intent-filter>
161            <intent-filter>
161-->[androidx.profileinstaller:profileinstaller:1.3.1] AndroidManifest.xml:46:13-48:29
162                <action android:name="androidx.profileinstaller.action.SAVE_PROFILE" />
162-->[androidx.profileinstaller:profileinstaller:1.3.1] AndroidManifest.xml:47:17-88
162-->[androidx.profileinstaller:profileinstaller:1.3.1] AndroidManifest.xml:47:25-85
163            </intent-filter>
164            <intent-filter>
164-->[androidx.profileinstaller:profileinstaller:1.3.1] AndroidManifest.xml:49:13-51:29
165                <action android:name="androidx.profileinstaller.action.BENCHMARK_OPERATION" />
165-->[androidx.profileinstaller:profileinstaller:1.3.1] AndroidManifest.xml:50:17-95
165-->[androidx.profileinstaller:profileinstaller:1.3.1] AndroidManifest.xml:50:25-92
166            </intent-filter>
167        </receiver>
168    </application>
169
170</manifest>